<?xml version="1.0" encoding="UTF-8"?>
<!-- Generated by org.testng.reporters.JUnitReportReporter -->
<testsuite hostname="LAPTOP-T0E520QI" failures="0" tests="1" name="tricentisapp_test.endtoendtest" time="23.869" errors="0" timestamp="2024-10-29T21:16:17 IST" skipped="0">
  <testcase classname="tricentisapp_test.endtoendtest" name="endToendFlow" time="23.869"/>
</testsuite> <!-- tricentisapp_test.endtoendtest -->
